\BOOKMARK [1][-]{section.1}{Objective}{}
\BOOKMARK [1][-]{section.2}{Input}{}
\BOOKMARK [1][-]{section.3}{Overview}{}
\BOOKMARK [1][-]{section.4}{Curve Representation}{}
\BOOKMARK [2][-]{subsection.4.1}{Quadratic Hermite Spline}{section.4}
\BOOKMARK [2][-]{subsection.4.2}{Cubic Hermite Spline}{section.4}
\BOOKMARK [1][-]{section.5}{Average Curve Computation}{}
\BOOKMARK [2][-]{subsection.5.1}{Distance functions}{section.5}
\BOOKMARK [3][-]{subsubsection.5.1.1}{Newton-Raphson Method}{subsection.5.1}
\BOOKMARK [3][-]{subsubsection.5.1.2}{Laguerre's Method}{subsection.5.1}
\BOOKMARK [2][-]{subsection.5.2}{Curve tracing}{section.5}
\BOOKMARK [2][-]{subsection.5.3}{Average Distance \(geodesic\) Sampling}{section.5}
\BOOKMARK [2][-]{subsection.5.4}{Detect non-compatible control curves}{section.5}
\BOOKMARK [1][-]{section.6}{Visualization and Editing}{}
\BOOKMARK [2][-]{subsection.6.1}{Editing and displaying the control curve}{section.6}
\BOOKMARK [2][-]{subsection.6.2}{Displaying the average curve}{section.6}
\BOOKMARK [2][-]{subsection.6.3}{Closest projections}{section.6}
\BOOKMARK [2][-]{subsection.6.4}{Circular arc}{section.6}
\BOOKMARK [2][-]{subsection.6.5}{Inflation tube}{section.6}
\BOOKMARK [3][-]{subsubsection.6.5.1}{Drawing the inflation tube}{subsection.6.5}
\BOOKMARK [3][-]{subsubsection.6.5.2}{Parallel transport}{subsection.6.5}
\BOOKMARK [3][-]{subsubsection.6.5.3}{half tube}{subsection.6.5}
\BOOKMARK [1][-]{section.7}{Results}{}
\BOOKMARK [1][-]{section.8}{Future work}{}
